22:10:17 [INFO] Default file parsed
22:10:19 [INFO] [Re]connecting...
22:10:29 [ERROR] Cannot connect SV: SmartVista Host Connection Timeout
22:10:30 [INFO] Settings applying was canceled
22:14:00 [INFO] Default file parsed
22:14:03 [INFO] [Re]connecting...
22:14:13 [ERROR] Cannot connect SV: SmartVista Host Connection Timeout
22:14:43 [INFO] [Re]connecting...
22:14:44 [INFO] SmartVista host connection ESTABLISHED
22:15:01 [INFO] Settings applied
22:15:10 [ERROR] Field 11 less MinLength. Min length: 6 got: 4
22:15:19 [ERROR] Field 11 less MinLength. Min length: 6 got: 4
22:15:22 [ERROR] Field 11 less MinLength. Min length: 6 got: 4
22:15:25 [INFO] Settings applied
22:15:39 [INFO] Settings applied
22:15:45 [ERROR] Field 11 less MinLength. Min length: 6 got: 4
22:15:49 [ERROR] Field 11 less MinLength. Min length: 6 got: 4
22:15:50 [ERROR] Field 11 less MinLength. Min length: 6 got: 4
22:15:51 [ERROR] Field 11 less MinLength. Min length: 6 got: 4
22:15:52 [ERROR] Field 11 less MinLength. Min length: 6 got: 4
22:15:52 [ERROR] Field 11 less MinLength. Min length: 6 got: 4
22:15:53 [ERROR] Field 11 less MinLength. Min length: 6 got: 4
22:15:53 [ERROR] Field 11 less MinLength. Min length: 6 got: 4
22:15:54 [ERROR] Field 11 less MinLength. Min length: 6 got: 4
22:15:55 [ERROR] Field 11 less MinLength. Min length: 6 got: 4
22:15:56 [ERROR] Field 11 less MinLength. Min length: 6 got: 4
22:15:56 [ERROR] Field 11 less MinLength. Min length: 6 got: 4
22:15:58 [ERROR] Field 11 less MinLength. Min length: 6 got: 4
22:15:59 [ERROR] Field 11 less MinLength. Min length: 6 got: 4
22:15:59 [ERROR] Field 11 less MinLength. Min length: 6 got: 4
22:16:00 [ERROR] Field 11 less MinLength. Min length: 6 got: 4
22:16:01 [ERROR] Field 11 less MinLength. Min length: 6 got: 4
22:16:02 [ERROR] Field 11 less MinLength. Min length: 6 got: 4
22:16:02 [ERROR] Field 11 less MinLength. Min length: 6 got: 4
22:16:23 [ERROR] Field 11 less MinLength. Min length: 6 got: 4
22:16:25 [ERROR] Field 11 less MinLength. Min length: 6 got: 4
22:16:25 [ERROR] Field 11 less MinLength. Min length: 6 got: 4
22:16:28 [ERROR] Field 11 less MinLength. Min length: 6 got: 4
22:16:28 [ERROR] Field 11 less MinLength. Min length: 6 got: 4
22:16:29 [ERROR] Field 11 less MinLength. Min length: 6 got: 4
22:16:30 [ERROR] Field 11 less MinLength. Min length: 6 got: 4
22:16:31 [ERROR] Field 11 less MinLength. Min length: 6 got: 4
22:16:32 [ERROR] Field 11 less MinLength. Min length: 6 got: 4
22:16:33 [ERROR] Field 11 less MinLength. Min length: 6 got: 4
22:16:36 [ERROR] Transaction building error
22:16:36 [ERROR] Field 11 less MinLength. Min length: 6 got: 4
22:16:39 [INFO] Settings applied
22:16:41 [INFO] Processing transaction ID [20230330_221641_591683985]
22:16:41 [INFO] 
22:16:41 [INFO] [TRANS_ID][20230330_221641_591683985]
22:16:41 [INFO] [MSG_TYPE][0200]
22:16:41 [INFO] [BITMAP  ][2, 3, 4, 7, 11, 12, 14, 18, 22, 37, 41, 42, 43, 47, 48, 49]
22:16:41 [INFO] [002][016][5486736712458564]
22:16:41 [INFO] [003][006][000000]
22:16:41 [INFO] [004][012][000000003592]
22:16:41 [INFO] [007][010][0330221641]
22:16:41 [INFO] [011][004][4754]
22:16:41 [INFO] [012][012][230330221641]
22:16:41 [INFO] [014][004][2504]
22:16:41 [INFO] [018][004][8999]
22:16:41 [INFO] [022][003][810]
22:16:41 [INFO] [037][012][907417858276]
22:16:41 [INFO] [041][008][70000826]
22:16:41 [INFO] [042][015][000000010000866]
22:16:41 [INFO] [043][040][PSP*merch.com               >Limassol>CY]
22:16:41 [INFO] [047][224][03808101110000023962603150000000100003960408Limassol0504310706031960709merch.com0803PSP033001502704030303030433032445531325350334c48474b564c02804000000308254236854496634394423610b892eb6a030001207202520230330_221641_591683985]
22:16:41 [INFO] [048][067][5108SOME ONE9611415481%81645411HOW ARE YOU7608100000014202019203000]
22:16:41 [INFO] [049][003][978]
22:16:41 [INFO] 
22:16:41 [INFO] 
22:16:41 [INFO] [TRANS_ID][20230330_221641_591683985]
22:16:41 [INFO] [MSG_TYPE][0200]
22:16:41 [INFO] [BITMAP  ][2, 3, 4, 7, 11, 12, 14, 18, 22, 37, 41, 42, 43, 47, 48, 49]
22:16:41 [INFO] [002][016][5486736712458564]
22:16:41 [INFO] [003][006][000000]
22:16:41 [INFO] [004][012][000000003592]
22:16:41 [INFO] [007][010][0330221641]
22:16:41 [INFO] [011][004][4754]
22:16:41 [INFO] [012][012][230330221641]
22:16:41 [INFO] [014][004][2504]
22:16:41 [INFO] [018][004][8999]
22:16:41 [INFO] [022][003][810]
22:16:41 [INFO] [037][012][907417858276]
22:16:41 [INFO] [041][008][70000826]
22:16:41 [INFO] [042][015][000000010000866]
22:16:41 [INFO] [043][040][PSP*merch.com               >Limassol>CY]
22:16:41 [INFO] [047][224][03808101110000023962603150000000100003960408Limassol0504310706031960709merch.com0803PSP033001502704030303030433032445531325350334c48474b564c02804000000308254236854496634394423610b892eb6a030001207202520230330_221641_591683985]
22:16:41 [INFO] [048][067][5108SOME ONE9611415481%81645411HOW ARE YOU7608100000014202019203000]
22:16:41 [INFO] [049][003][978]
22:16:41 [INFO] 
22:16:41 [INFO] Transaction [20230330_221641_591683985] was sent 
22:17:08 [INFO] [Re]connecting...
22:17:08 [INFO] SmartVista host connection DISCONNECTED
22:17:08 [ERROR] Received a socket error from SmartVista host: Unknown error
22:17:08 [INFO] SmartVista host connection ESTABLISHED
22:17:08 [INFO] [Re]connecting...
22:17:08 [INFO] SmartVista host connection DISCONNECTED
22:17:08 [ERROR] Received a socket error from SmartVista host: Unknown error
22:17:08 [INFO] SmartVista host connection ESTABLISHED
22:17:09 [INFO] [Re]connecting...
22:17:09 [INFO] SmartVista host connection DISCONNECTED
22:17:09 [ERROR] Received a socket error from SmartVista host: Unknown error
22:17:09 [INFO] SmartVista host connection ESTABLISHED
22:17:09 [INFO] [Re]connecting...
22:17:09 [INFO] SmartVista host connection DISCONNECTED
22:17:09 [ERROR] Received a socket error from SmartVista host: Unknown error
22:17:09 [INFO] SmartVista host connection ESTABLISHED
22:17:10 [INFO] [Re]connecting...
22:17:10 [INFO] SmartVista host connection DISCONNECTED
22:17:10 [ERROR] Received a socket error from SmartVista host: Unknown error
22:17:10 [INFO] SmartVista host connection ESTABLISHED
22:17:17 [INFO] SmartVista host connection DISCONNECTED
22:17:17 [ERROR] Received a socket error from SmartVista host: Unknown error
22:20:09 [INFO] Default file parsed
22:20:11 [INFO] Processing transaction ID [20230330_222011_293372474]
22:20:11 [INFO] 
22:20:11 [INFO] [TRANS_ID][20230330_222011_293372474]
22:20:11 [INFO] [MSG_TYPE][0800]
22:20:11 [INFO] [BITMAP  ][7, 11, 70]
22:20:11 [INFO] [007][010][0330222011]
22:20:11 [INFO] [011][006][312022]
22:20:11 [INFO] [070][003][301]
22:20:11 [INFO] 
22:20:11 [WARNING] Connection is not Established, trying to connect
22:20:11 [INFO] SmartVista host connection ESTABLISHED
22:20:11 [INFO] 
22:20:11 [INFO] [TRANS_ID][20230330_222011_293372474]
22:20:11 [INFO] [MSG_TYPE][0800]
22:20:11 [INFO] [BITMAP  ][7, 11, 70]
22:20:11 [INFO] [007][010][0330222011]
22:20:11 [INFO] [011][006][312022]
22:20:11 [INFO] [070][003][301]
22:20:11 [INFO] 
22:20:11 [INFO] Transaction [20230330_222011_293372474] was sent 
22:20:11 [INFO] 
22:20:11 [INFO] [TRANS_ID][20230330_222011_293372474]
22:20:11 [INFO] [MSG_TYPE][0810]
22:20:11 [INFO] [BITMAP  ][7, 11, 39, 70]
22:20:11 [INFO] [007][010][0330222011]
22:20:11 [INFO] [011][006][312022]
22:20:11 [INFO] [039][002][00]
22:20:11 [INFO] [070][003][301]
22:20:11 [INFO] 
22:20:11 [INFO] Transaction ID [20230330_222011_293372474] matched, response time seconds: 0.944
22:20:18 [INFO] Processing transaction ID [20230330_222018_231611240]
22:20:18 [INFO] 
22:20:18 [INFO] [TRANS_ID][20230330_222018_231611240]
22:20:18 [INFO] [MSG_TYPE][0800]
22:20:18 [INFO] [BITMAP  ][7, 11, 70]
22:20:18 [INFO] [007][010][0330222018]
22:20:18 [INFO] [011][006][169721]
22:20:18 [INFO] [070][003][301]
22:20:18 [INFO] 
22:20:18 [INFO] 
22:20:18 [INFO] [TRANS_ID][20230330_222018_231611240]
22:20:18 [INFO] [MSG_TYPE][0800]
22:20:18 [INFO] [BITMAP  ][7, 11, 70]
22:20:18 [INFO] [007][010][0330222018]
22:20:18 [INFO] [011][006][169721]
22:20:18 [INFO] [070][003][301]
22:20:18 [INFO] 
22:20:18 [INFO] Transaction [20230330_222018_231611240] was sent 
22:20:18 [INFO] 
22:20:18 [INFO] [TRANS_ID][20230330_222018_231611240]
22:20:18 [INFO] [MSG_TYPE][0810]
22:20:18 [INFO] [BITMAP  ][7, 11, 39, 70]
22:20:18 [INFO] [007][010][0330222018]
22:20:18 [INFO] [011][006][169721]
22:20:18 [INFO] [039][002][00]
22:20:18 [INFO] [070][003][301]
22:20:18 [INFO] 
22:20:18 [INFO] Transaction ID [20230330_222018_231611240] matched, response time seconds: 0.817
22:20:18 [INFO] Processing transaction ID [20230330_222018_734127844]
22:20:18 [INFO] 
22:20:18 [INFO] [TRANS_ID][20230330_222018_734127844]
22:20:18 [INFO] [MSG_TYPE][0800]
22:20:18 [INFO] [BITMAP  ][7, 11, 70]
22:20:18 [INFO] [007][010][0330222018]
22:20:18 [INFO] [011][006][768893]
22:20:18 [INFO] [070][003][301]
22:20:18 [INFO] 
22:20:18 [INFO] 
22:20:18 [INFO] [TRANS_ID][20230330_222018_734127844]
22:20:18 [INFO] [MSG_TYPE][0800]
22:20:18 [INFO] [BITMAP  ][7, 11, 70]
22:20:18 [INFO] [007][010][0330222018]
22:20:18 [INFO] [011][006][768893]
22:20:18 [INFO] [070][003][301]
22:20:18 [INFO] 
22:20:18 [INFO] Transaction [20230330_222018_734127844] was sent 
22:20:18 [INFO] 
22:20:18 [INFO] [TRANS_ID][20230330_222018_734127844]
22:20:18 [INFO] [MSG_TYPE][0810]
22:20:18 [INFO] [BITMAP  ][7, 11, 39, 70]
22:20:18 [INFO] [007][010][0330222018]
22:20:18 [INFO] [011][006][768893]
22:20:18 [INFO] [039][002][00]
22:20:18 [INFO] [070][003][301]
22:20:18 [INFO] 
22:20:18 [INFO] Transaction ID [20230330_222018_734127844] matched, response time seconds: 0.339
22:20:19 [INFO] Processing transaction ID [20230330_222019_310276691]
22:20:19 [INFO] 
22:20:19 [INFO] [TRANS_ID][20230330_222019_310276691]
22:20:19 [INFO] [MSG_TYPE][0800]
22:20:19 [INFO] [BITMAP  ][7, 11, 70]
22:20:19 [INFO] [007][010][0330222019]
22:20:19 [INFO] [011][006][725016]
22:20:19 [INFO] [070][003][301]
22:20:19 [INFO] 
22:20:19 [INFO] 
22:20:19 [INFO] [TRANS_ID][20230330_222019_310276691]
22:20:19 [INFO] [MSG_TYPE][0800]
22:20:19 [INFO] [BITMAP  ][7, 11, 70]
22:20:19 [INFO] [007][010][0330222019]
22:20:19 [INFO] [011][006][725016]
22:20:19 [INFO] [070][003][301]
22:20:19 [INFO] 
22:20:19 [INFO] Transaction [20230330_222019_310276691] was sent 
22:20:19 [INFO] 
22:20:19 [INFO] [TRANS_ID][20230330_222019_310276691]
22:20:19 [INFO] [MSG_TYPE][0810]
22:20:19 [INFO] [BITMAP  ][7, 11, 39, 70]
22:20:19 [INFO] [007][010][0330222019]
22:20:19 [INFO] [011][006][725016]
22:20:19 [INFO] [039][002][00]
22:20:19 [INFO] [070][003][301]
22:20:19 [INFO] 
22:20:19 [INFO] Transaction ID [20230330_222019_310276691] matched, response time seconds: 0.97
22:20:20 [INFO] Processing transaction ID [20230330_222020_007672988]
22:20:20 [INFO] 
22:20:20 [INFO] [TRANS_ID][20230330_222020_007672988]
22:20:20 [INFO] [MSG_TYPE][0800]
22:20:20 [INFO] [BITMAP  ][7, 11, 70]
22:20:20 [INFO] [007][010][0330222020]
22:20:20 [INFO] [011][006][705017]
22:20:20 [INFO] [070][003][301]
22:20:20 [INFO] 
22:20:20 [INFO] 
22:20:20 [INFO] [TRANS_ID][20230330_222020_007672988]
22:20:20 [INFO] [MSG_TYPE][0800]
22:20:20 [INFO] [BITMAP  ][7, 11, 70]
22:20:20 [INFO] [007][010][0330222020]
22:20:20 [INFO] [011][006][705017]
22:20:20 [INFO] [070][003][301]
22:20:20 [INFO] 
22:20:20 [INFO] Transaction [20230330_222020_007672988] was sent 
22:20:20 [INFO] 
22:20:20 [INFO] [TRANS_ID][20230330_222020_007672988]
22:20:20 [INFO] [MSG_TYPE][0810]
22:20:20 [INFO] [BITMAP  ][7, 11, 39, 70]
22:20:20 [INFO] [007][010][0330222020]
22:20:20 [INFO] [011][006][705017]
22:20:20 [INFO] [039][002][00]
22:20:20 [INFO] [070][003][301]
22:20:20 [INFO] 
22:20:20 [INFO] Transaction ID [20230330_222020_007672988] matched, response time seconds: 0.665
22:20:20 [INFO] Processing transaction ID [20230330_222020_992128915]
22:20:20 [INFO] 
22:20:20 [INFO] [TRANS_ID][20230330_222020_992128915]
22:20:20 [INFO] [MSG_TYPE][0800]
22:20:20 [INFO] [BITMAP  ][7, 11, 70]
22:20:20 [INFO] [007][010][0330222020]
22:20:20 [INFO] [011][006][967410]
22:20:20 [INFO] [070][003][301]
22:20:20 [INFO] 
22:20:20 [INFO] 
22:20:20 [INFO] [TRANS_ID][20230330_222020_992128915]
22:20:21 [INFO] [MSG_TYPE][0800]
22:20:21 [INFO] [BITMAP  ][7, 11, 70]
22:20:21 [INFO] [007][010][0330222020]
22:20:21 [INFO] [011][006][967410]
22:20:21 [INFO] [070][003][301]
22:20:21 [INFO] 
22:20:21 [INFO] Transaction [20230330_222020_992128915] was sent 
22:20:21 [INFO] 
22:20:21 [INFO] [TRANS_ID][20230330_222020_992128915]
22:20:21 [INFO] [MSG_TYPE][0810]
22:20:21 [INFO] [BITMAP  ][7, 11, 39, 70]
22:20:21 [INFO] [007][010][0330222020]
22:20:21 [INFO] [011][006][967410]
22:20:21 [INFO] [039][002][00]
22:20:21 [INFO] [070][003][301]
22:20:21 [INFO] 
22:20:21 [INFO] Transaction ID [20230330_222020_992128915] matched, response time seconds: 0.65
22:20:21 [INFO] Processing transaction ID [20230330_222021_966750405]
22:20:21 [INFO] 
22:20:21 [INFO] [TRANS_ID][20230330_222021_966750405]
22:20:21 [INFO] [MSG_TYPE][0800]
22:20:21 [INFO] [BITMAP  ][7, 11, 70]
22:20:21 [INFO] [007][010][0330222021]
22:20:21 [INFO] [011][006][799820]
22:20:21 [INFO] [070][003][301]
22:20:21 [INFO] 
22:20:21 [INFO] 
22:20:21 [INFO] [TRANS_ID][20230330_222021_966750405]
22:20:21 [INFO] [MSG_TYPE][0800]
22:20:21 [INFO] [BITMAP  ][7, 11, 70]
22:20:21 [INFO] [007][010][0330222021]
22:20:21 [INFO] [011][006][799820]
22:20:21 [INFO] [070][003][301]
22:20:21 [INFO] 
22:20:21 [INFO] Transaction [20230330_222021_966750405] was sent 
22:20:22 [INFO] 
22:20:22 [INFO] [TRANS_ID][20230330_222021_966750405]
22:20:22 [INFO] [MSG_TYPE][0810]
22:20:22 [INFO] [BITMAP  ][7, 11, 39, 70]
22:20:22 [INFO] [007][010][0330222021]
22:20:22 [INFO] [011][006][799820]
22:20:22 [INFO] [039][002][00]
22:20:22 [INFO] [070][003][301]
22:20:22 [INFO] 
22:20:22 [INFO] Transaction ID [20230330_222021_966750405] matched, response time seconds: 0.659
22:20:24 [INFO] Processing transaction ID [20230330_222024_419876919]
22:20:24 [INFO] 
22:20:24 [INFO] [TRANS_ID][20230330_222024_419876919]
22:20:24 [INFO] [MSG_TYPE][0200]
22:20:24 [INFO] [BITMAP  ][2, 3, 4, 7, 11, 12, 14, 18, 22, 37, 41, 42, 43, 47, 48, 49]
22:20:24 [INFO] [002][016][5486736712458564]
22:20:24 [INFO] [003][006][000000]
22:20:24 [INFO] [004][012][000000001935]
22:20:24 [INFO] [007][010][0330222024]
22:20:24 [INFO] [011][006][319865]
22:20:24 [INFO] [012][012][230330222024]
22:20:24 [INFO] [014][004][2504]
22:20:24 [INFO] [018][004][8999]
22:20:24 [INFO] [022][003][810]
22:20:24 [INFO] [037][012][682843709072]
22:20:24 [INFO] [041][008][70000826]
22:20:24 [INFO] [042][015][000000010000866]
22:20:24 [INFO] [043][040][PSP*merch.com               >Limassol>CY]
22:20:24 [INFO] [047][224][03808101110000023962603150000000100003960408Limassol0504310706031960709merch.com0803PSP033001502704030303030433032445531325350334c48474b564c02804000000308254236854496634394423610b892eb6a030001207202520230330_222024_419876919]
22:20:24 [INFO] [048][067][5108SOME ONE9611415481%81645411HOW ARE YOU7608100000014202019203000]
22:20:24 [INFO] [049][003][978]
22:20:24 [INFO] 
22:20:24 [INFO] 
22:20:24 [INFO] [TRANS_ID][20230330_222024_419876919]
22:20:24 [INFO] [MSG_TYPE][0200]
22:20:24 [INFO] [BITMAP  ][2, 3, 4, 7, 11, 12, 14, 18, 22, 37, 41, 42, 43, 47, 48, 49]
22:20:24 [INFO] [002][016][5486736712458564]
22:20:24 [INFO] [003][006][000000]
22:20:24 [INFO] [004][012][000000001935]
22:20:24 [INFO] [007][010][0330222024]
22:20:24 [INFO] [011][006][319865]
22:20:24 [INFO] [012][012][230330222024]
22:20:24 [INFO] [014][004][2504]
22:20:24 [INFO] [018][004][8999]
22:20:24 [INFO] [022][003][810]
22:20:24 [INFO] [037][012][682843709072]
22:20:24 [INFO] [041][008][70000826]
22:20:24 [INFO] [042][015][000000010000866]
22:20:24 [INFO] [043][040][PSP*merch.com               >Limassol>CY]
22:20:24 [INFO] [047][224][03808101110000023962603150000000100003960408Limassol0504310706031960709merch.com0803PSP033001502704030303030433032445531325350334c48474b564c02804000000308254236854496634394423610b892eb6a030001207202520230330_222024_419876919]
22:20:24 [INFO] [048][067][5108SOME ONE9611415481%81645411HOW ARE YOU7608100000014202019203000]
22:20:24 [INFO] [049][003][978]
22:20:24 [INFO] 
22:20:24 [INFO] Transaction [20230330_222024_419876919] was sent 
22:20:25 [INFO] 
22:20:25 [INFO] [TRANS_ID][20230330_222024_419876919]
22:20:25 [INFO] [UTRNNO  ][35231246]
22:20:25 [INFO] [MSG_TYPE][0210]
22:20:25 [INFO] [BITMAP  ][2, 3, 4, 7, 11, 12, 14, 15, 18, 22, 37, 38, 39, 41, 42, 43, 47, 48, 49]
22:20:25 [INFO] [002][016][5486736712458564]
22:20:25 [INFO] [003][006][000000]
22:20:25 [INFO] [004][012][000000001935]
22:20:25 [INFO] [007][010][0330222024]
22:20:25 [INFO] [011][006][319865]
22:20:25 [INFO] [012][012][230330222024]
22:20:25 [INFO] [014][004][2504]
22:20:25 [INFO] [015][006][230330]
22:20:25 [INFO] [018][004][8999]
22:20:25 [INFO] [022][003][810]
22:20:25 [INFO] [037][012][000035231246]
22:20:25 [INFO] [038][006][135324]
22:20:25 [INFO] [039][002][00]
22:20:25 [INFO] [041][008][70000826]
22:20:25 [INFO] [042][015][000000010000866]
22:20:25 [INFO] [043][040][PSP*merch.com   >Limassol            >CY]
22:20:25 [INFO] [047][139][04500100640083523124606500835231246066012MCC0000026460670142023033019202307101223033022202407202520230330_222024_4198769191100011113004+000]
22:20:25 [INFO] [048][006][040200]
22:20:25 [INFO] [049][003][978]
22:20:25 [INFO] 
22:20:25 [INFO] Transaction ID [20230330_222024_419876919] matched, response time seconds: 1.311
22:20:40 [INFO] SmartVista host connection DISCONNECTED
22:20:40 [ERROR] Received a socket error from SmartVista host: Unknown error
22:22:05 [INFO] Default file parsed
22:22:08 [INFO] Processing transaction ID [20230330_222208_485691572]
22:22:08 [WARNING] Connection is not Established, trying to connect
22:22:08 [INFO] SmartVista host connection ESTABLISHED
22:22:08 [INFO] 
22:22:08 [INFO] [TRANS_ID][20230330_222208_485691572]
22:22:08 [INFO] [MSG_TYPE][0800]
22:22:08 [INFO] [BITMAP  ][7, 11, 70]
22:22:08 [INFO] [007][010][0330222208]
22:22:08 [INFO] [011][006][333949]
22:22:08 [INFO] [070][003][301]
22:22:08 [INFO] 
22:22:08 [INFO] Transaction [20230330_222208_485691572] was sent 
22:22:08 [INFO] 
22:22:08 [INFO] [TRANS_ID][20230330_222208_485691572]
22:22:08 [INFO] [MSG_TYPE][0810]
22:22:08 [INFO] [BITMAP  ][7, 11, 39, 70]
22:22:08 [INFO] [007][010][0330222208]
22:22:08 [INFO] [011][006][333949]
22:22:08 [INFO] [039][002][00]
22:22:08 [INFO] [070][003][301]
22:22:08 [INFO] 
22:22:08 [INFO] Transaction ID [20230330_222208_485691572] matched, response time seconds: 0.265
22:22:11 [INFO] Processing transaction ID [20230330_222211_884804810]
22:22:11 [INFO] 
22:22:11 [INFO] [TRANS_ID][20230330_222211_884804810]
22:22:11 [INFO] [MSG_TYPE][0800]
22:22:11 [INFO] [BITMAP  ][7, 11, 70]
22:22:11 [INFO] [007][010][0330222211]
22:22:11 [INFO] [011][006][656146]
22:22:11 [INFO] [070][003][301]
22:22:11 [INFO] 
22:22:11 [INFO] Transaction [20230330_222211_884804810] was sent 
22:22:12 [INFO] 
22:22:12 [INFO] [TRANS_ID][20230330_222211_884804810]
22:22:12 [INFO] [MSG_TYPE][0810]
22:22:12 [INFO] [BITMAP  ][7, 11, 39, 70]
22:22:12 [INFO] [007][010][0330222211]
22:22:12 [INFO] [011][006][656146]
22:22:12 [INFO] [039][002][00]
22:22:12 [INFO] [070][003][301]
22:22:12 [INFO] 
22:22:12 [INFO] Transaction ID [20230330_222211_884804810] matched, response time seconds: 0.546
22:22:12 [INFO] Processing transaction ID [20230330_222212_822610093]
22:22:12 [INFO] 
22:22:12 [INFO] [TRANS_ID][20230330_222212_822610093]
22:22:12 [INFO] [MSG_TYPE][0800]
22:22:12 [INFO] [BITMAP  ][7, 11, 70]
22:22:12 [INFO] [007][010][0330222212]
22:22:12 [INFO] [011][006][210657]
22:22:12 [INFO] [070][003][301]
22:22:12 [INFO] 
22:22:12 [INFO] Transaction [20230330_222212_822610093] was sent 
22:22:12 [INFO] 
22:22:12 [INFO] [TRANS_ID][20230330_222212_822610093]
22:22:12 [INFO] [MSG_TYPE][0810]
22:22:12 [INFO] [BITMAP  ][7, 11, 39, 70]
22:22:12 [INFO] [007][010][0330222212]
22:22:12 [INFO] [011][006][210657]
22:22:12 [INFO] [039][002][00]
22:22:12 [INFO] [070][003][301]
22:22:12 [INFO] 
22:22:12 [INFO] Transaction ID [20230330_222212_822610093] matched, response time seconds: 0.463
22:22:13 [INFO] Processing transaction ID [20230330_222213_482031621]
22:22:13 [INFO] 
22:22:13 [INFO] [TRANS_ID][20230330_222213_482031621]
22:22:13 [INFO] [MSG_TYPE][0800]
22:22:13 [INFO] [BITMAP  ][7, 11, 70]
22:22:13 [INFO] [007][010][0330222213]
22:22:13 [INFO] [011][006][686846]
22:22:13 [INFO] [070][003][301]
22:22:13 [INFO] 
22:22:13 [INFO] Transaction [20230330_222213_482031621] was sent 
22:22:13 [INFO] 
22:22:13 [INFO] [TRANS_ID][20230330_222213_482031621]
22:22:13 [INFO] [MSG_TYPE][0810]
22:22:13 [INFO] [BITMAP  ][7, 11, 39, 70]
22:22:13 [INFO] [007][010][0330222213]
22:22:13 [INFO] [011][006][686846]
22:22:13 [INFO] [039][002][00]
22:22:13 [INFO] [070][003][301]
22:22:13 [INFO] 
22:22:13 [INFO] Transaction ID [20230330_222213_482031621] matched, response time seconds: 1.181
22:22:14 [INFO] Processing transaction ID [20230330_222214_217117375]
22:22:14 [INFO] 
22:22:14 [INFO] [TRANS_ID][20230330_222214_217117375]
22:22:14 [INFO] [MSG_TYPE][0800]
22:22:14 [INFO] [BITMAP  ][7, 11, 70]
22:22:14 [INFO] [007][010][0330222214]
22:22:14 [INFO] [011][006][973159]
22:22:14 [INFO] [070][003][301]
22:22:14 [INFO] 
22:22:14 [INFO] Transaction [20230330_222214_217117375] was sent 
22:22:14 [INFO] 
22:22:14 [INFO] [TRANS_ID][20230330_222214_217117375]
22:22:14 [INFO] [MSG_TYPE][0810]
22:22:14 [INFO] [BITMAP  ][7, 11, 39, 70]
22:22:14 [INFO] [007][010][0330222214]
22:22:14 [INFO] [011][006][973159]
22:22:14 [INFO] [039][002][00]
22:22:14 [INFO] [070][003][301]
22:22:14 [INFO] 
22:22:14 [INFO] Transaction ID [20230330_222214_217117375] matched, response time seconds: 0.809
22:22:14 [INFO] Processing transaction ID [20230330_222214_824472955]
22:22:14 [INFO] 
22:22:14 [INFO] [TRANS_ID][20230330_222214_824472955]
22:22:14 [INFO] [MSG_TYPE][0800]
22:22:14 [INFO] [BITMAP  ][7, 11, 70]
22:22:14 [INFO] [007][010][0330222214]
22:22:14 [INFO] [011][006][856351]
22:22:14 [INFO] [070][003][301]
22:22:14 [INFO] 
22:22:14 [INFO] Transaction [20230330_222214_824472955] was sent 
22:22:14 [INFO] 
22:22:14 [INFO] [TRANS_ID][20230330_222214_824472955]
22:22:14 [INFO] [MSG_TYPE][0810]
22:22:14 [INFO] [BITMAP  ][7, 11, 39, 70]
22:22:14 [INFO] [007][010][0330222214]
22:22:14 [INFO] [011][006][856351]
22:22:14 [INFO] [039][002][00]
22:22:14 [INFO] [070][003][301]
22:22:14 [INFO] 
22:22:14 [INFO] Transaction ID [20230330_222214_824472955] matched, response time seconds: 0.427
22:22:15 [INFO] Processing transaction ID [20230330_222215_431457158]
22:22:15 [INFO] 
22:22:15 [INFO] [TRANS_ID][20230330_222215_431457158]
22:22:15 [INFO] [MSG_TYPE][0800]
22:22:15 [INFO] [BITMAP  ][7, 11, 70]
22:22:15 [INFO] [007][010][0330222215]
22:22:15 [INFO] [011][006][201204]
22:22:15 [INFO] [070][003][301]
22:22:15 [INFO] 
22:22:15 [INFO] Transaction [20230330_222215_431457158] was sent 
22:22:15 [INFO] 
22:22:15 [INFO] [TRANS_ID][20230330_222215_431457158]
22:22:15 [INFO] [MSG_TYPE][0810]
22:22:15 [INFO] [BITMAP  ][7, 11, 39, 70]
22:22:15 [INFO] [007][010][0330222215]
22:22:15 [INFO] [011][006][201204]
22:22:15 [INFO] [039][002][00]
22:22:15 [INFO] [070][003][301]
22:22:15 [INFO] 
22:22:15 [INFO] Transaction ID [20230330_222215_431457158] matched, response time seconds: 1.067
22:22:16 [INFO] Processing transaction ID [20230330_222216_084359862]
22:22:16 [INFO] 
22:22:16 [INFO] [TRANS_ID][20230330_222216_084359862]
22:22:16 [INFO] [MSG_TYPE][0800]
22:22:16 [INFO] [BITMAP  ][7, 11, 70]
22:22:16 [INFO] [007][010][0330222216]
22:22:16 [INFO] [011][006][424281]
22:22:16 [INFO] [070][003][301]
22:22:16 [INFO] 
22:22:16 [INFO] Transaction [20230330_222216_084359862] was sent 
22:22:16 [INFO] 
22:22:16 [INFO] [TRANS_ID][20230330_222216_084359862]
22:22:16 [INFO] [MSG_TYPE][0810]
22:22:16 [INFO] [BITMAP  ][7, 11, 39, 70]
22:22:16 [INFO] [007][010][0330222216]
22:22:16 [INFO] [011][006][424281]
22:22:16 [INFO] [039][002][00]
22:22:16 [INFO] [070][003][301]
22:22:16 [INFO] 
22:22:16 [INFO] Transaction ID [20230330_222216_084359862] matched, response time seconds: 0.701
22:22:17 [INFO] Processing transaction ID [20230330_222217_095907786]
22:22:17 [INFO] 
22:22:17 [INFO] [TRANS_ID][20230330_222217_095907786]
22:22:17 [INFO] [MSG_TYPE][0200]
22:22:17 [INFO] [BITMAP  ][2, 3, 4, 7, 11, 12, 14, 18, 22, 37, 41, 42, 43, 47, 48, 49]
22:22:17 [INFO] [002][016][5486736712458564]
22:22:17 [INFO] [003][006][000000]
22:22:17 [INFO] [004][012][000000007707]
22:22:17 [INFO] [007][010][0330222217]
22:22:17 [INFO] [011][006][093614]
22:22:17 [INFO] [012][012][230330222217]
22:22:17 [INFO] [014][004][2504]
22:22:17 [INFO] [018][004][8999]
22:22:17 [INFO] [022][003][810]
22:22:17 [INFO] [037][012][069880155380]
22:22:17 [INFO] [041][008][70000826]
22:22:17 [INFO] [042][015][000000010000866]
22:22:17 [INFO] [043][040][PSP*merch.com               >Limassol>CY]
22:22:17 [INFO] [047][224][03808101110000023962603150000000100003960408Limassol0504310706031960709merch.com0803PSP033001502704030303030433032445531325350334c48474b564c02804000000308254236854496634394423610b892eb6a030001207202520230330_222217_095907786]
22:22:17 [INFO] [048][067][5108SOME ONE9611415481%81645411HOW ARE YOU7608100000014202019203000]
22:22:17 [INFO] [049][003][978]
22:22:17 [INFO] 
22:22:17 [INFO] Transaction [20230330_222217_095907786] was sent 
22:22:18 [INFO] 
22:22:18 [INFO] [TRANS_ID][20230330_222217_095907786]
22:22:18 [INFO] [UTRNNO  ][35231401]
22:22:18 [INFO] [MSG_TYPE][0210]
22:22:18 [INFO] [BITMAP  ][2, 3, 4, 7, 11, 12, 14, 15, 18, 22, 37, 38, 39, 41, 42, 43, 47, 48, 49]
22:22:18 [INFO] [002][016][5486736712458564]
22:22:18 [INFO] [003][006][000000]
22:22:18 [INFO] [004][012][000000007707]
22:22:18 [INFO] [007][010][0330222217]
22:22:18 [INFO] [011][006][093614]
22:22:18 [INFO] [012][012][230330222217]
22:22:18 [INFO] [014][004][2504]
22:22:18 [INFO] [015][006][230330]
22:22:18 [INFO] [018][004][8999]
22:22:18 [INFO] [022][003][810]
22:22:18 [INFO] [037][012][000035231401]
22:22:18 [INFO] [038][006][122572]
22:22:18 [INFO] [039][002][00]
22:22:18 [INFO] [041][008][70000826]
22:22:18 [INFO] [042][015][000000010000866]
22:22:18 [INFO] [043][040][PSP*merch.com   >Limassol            >CY]
22:22:18 [INFO] [047][139][04500100640083523140106500835231401066012MCC0000026470670142023033019221507101223033022221707202520230330_222217_0959077861100011113004+000]
22:22:18 [INFO] [048][006][040200]
22:22:18 [INFO] [049][003][978]
22:22:18 [INFO] 
22:22:18 [INFO] Transaction ID [20230330_222217_095907786] matched, response time seconds: 1.779
22:22:37 [INFO] SmartVista host connection DISCONNECTED
22:22:37 [ERROR] Received a socket error from SmartVista host: Unknown error
