
12:36:34 [INFO] [Re]connecting...
12:36:34 [INFO] Connection status changed to SVFE Connected
12:36:35 [INFO] Processing transaction with internal ID [20221024_123635_486012185]
12:36:35 [INFO] 
12:36:35 [INFO] [TRANS ID][20221024_123635_486012185]
12:36:35 [INFO] [MSG TYPE][0800]
12:36:35 [INFO] [BITMAP  ][1, 7, 11, 70]
12:36:35 [INFO] [007][010][1024123635]
12:36:35 [INFO] [011][006][243350]
12:36:35 [INFO] [070][003][301]
12:36:35 [INFO] 
12:36:35 [INFO] Message was sent
12:36:35 [INFO] 
12:36:36 [INFO] Transaction ID [20221024_123635_486012185] matched. Response time seconds: 1.294
12:36:36 [INFO] 
12:36:36 [INFO] [TRANS ID][20221024_123635_486012185]
12:36:36 [INFO] [MSG TYPE][0810]
12:36:36 [INFO] [BITMAP  ][1, 7, 11, 39, 70]
12:36:36 [INFO] [007][010][1024123635]
12:36:36 [INFO] [011][006][243350]
12:36:36 [INFO] [039][002][00]
12:36:36 [INFO] [070][003][301]
12:36:36 [INFO] 
12:43:30 [INFO] [Re]connecting...
12:43:30 [INFO] Connection status changed to SVFE Connected
12:43:32 [INFO] Processing transaction with internal ID [20221024_124332_079515054]
12:43:32 [INFO] 
12:43:32 [INFO] [TRANS ID][20221024_124332_079515054]
12:43:32 [INFO] [MSG TYPE][0800]
12:43:32 [INFO] [BITMAP  ][1, 7, 11, 70]
12:43:32 [INFO] [007][010][1024124332]
12:43:32 [INFO] [011][006][571700]
12:43:32 [INFO] [070][003][301]
12:43:32 [INFO] 
12:43:32 [INFO] Message was sent
12:43:32 [INFO] 
12:43:32 [INFO] 
12:43:32 [INFO] [MSG TYPE][0810]
12:43:32 [INFO] [BITMAP  ][1, 7, 11, 39, 70]
12:43:32 [INFO] [007][010][1011051951]
12:43:32 [INFO] [011][006][528075]
12:43:32 [INFO] [039][002][00]
12:43:32 [INFO] [070][003][301]
12:43:32 [INFO] 
12:43:32 [INFO] Processing transaction with internal ID [20221024_124332_742501808]
12:43:32 [INFO] 
12:43:32 [INFO] [TRANS ID][20221024_124332_742501808]
12:43:32 [INFO] [MSG TYPE][0800]
12:43:32 [INFO] [BITMAP  ][1, 7, 11, 70]
12:43:32 [INFO] [007][010][1024124332]
12:43:32 [INFO] [011][006][367813]
12:43:32 [INFO] [070][003][301]
12:43:32 [INFO] 
12:43:32 [INFO] Message was sent
12:43:32 [INFO] 
12:43:36 [INFO] Transaction ID [20221024_124332_742501808] matched. Response time seconds: 3.258
12:43:36 [INFO] 
12:43:36 [INFO] [TRANS ID][20221024_124332_742501808]
12:43:36 [INFO] [MSG TYPE][0810]
12:43:36 [INFO] [BITMAP  ][1, 7, 11, 39, 70]
12:43:36 [INFO] [007][010][1024124332]
12:43:36 [INFO] [011][006][367813]
12:43:36 [INFO] [039][002][00]
12:43:36 [INFO] [070][003][301]
12:43:36 [INFO] 
12:43:48 [INFO] Processing transaction with internal ID [20221024_124348_903850631]
12:43:48 [INFO] 
12:43:48 [INFO] [TRANS ID][20221024_124348_903850631]
12:43:48 [INFO] [MSG TYPE][0800]
12:43:48 [INFO] [BITMAP  ][1, 7, 11, 70]
12:43:48 [INFO] [007][010][1024124348]
12:43:48 [INFO] [011][006][823226]
12:43:48 [INFO] [070][003][301]
12:43:48 [INFO] 
12:43:48 [INFO] Message was sent
12:43:48 [INFO] 
12:43:49 [INFO] Transaction ID [20221024_124348_903850631] matched. Response time seconds: 0.432
12:43:49 [INFO] 
12:43:49 [INFO] [TRANS ID][20221024_124348_903850631]
12:43:49 [INFO] [MSG TYPE][0810]
12:43:49 [INFO] [BITMAP  ][1, 7, 11, 39, 70]
12:43:49 [INFO] [007][010][1024124348]
12:43:49 [INFO] [011][006][823226]
12:43:49 [INFO] [039][002][00]
12:43:49 [INFO] [070][003][301]
12:43:49 [INFO] 
12:43:49 [INFO] Processing transaction with internal ID [20221024_124349_863090764]
12:43:49 [INFO] 
12:43:49 [INFO] [TRANS ID][20221024_124349_863090764]
12:43:49 [INFO] [MSG TYPE][0800]
12:43:49 [INFO] [BITMAP  ][1, 7, 11, 70]
12:43:49 [INFO] [007][010][1024124349]
12:43:49 [INFO] [011][006][650019]
12:43:49 [INFO] [070][003][301]
12:43:49 [INFO] 
12:43:49 [INFO] Message was sent
12:43:49 [INFO] 
12:43:50 [INFO] Transaction ID [20221024_124349_863090764] matched. Response time seconds: 0.171
12:43:50 [INFO] 
12:43:50 [INFO] [TRANS ID][20221024_124349_863090764]
12:43:50 [INFO] [MSG TYPE][0810]
12:43:50 [INFO] [BITMAP  ][1, 7, 11, 39, 70]
12:43:50 [INFO] [007][010][1024124349]
12:43:50 [INFO] [011][006][650019]
12:43:50 [INFO] [039][002][00]
12:43:50 [INFO] [070][003][301]
12:43:50 [INFO] 
12:43:50 [INFO] Processing transaction with internal ID [20221024_124350_480387292]
12:43:50 [INFO] 
12:43:50 [INFO] [TRANS ID][20221024_124350_480387292]
12:43:50 [INFO] [MSG TYPE][0800]
12:43:50 [INFO] [BITMAP  ][1, 7, 11, 70]
12:43:50 [INFO] [007][010][1024124350]
12:43:50 [INFO] [011][006][987716]
12:43:50 [INFO] [070][003][301]
12:43:50 [INFO] 
12:43:50 [INFO] Message was sent
12:43:50 [INFO] 
12:43:50 [INFO] Transaction ID [20221024_124350_480387292] matched. Response time seconds: 0.226
12:43:50 [INFO] 
12:43:50 [INFO] [TRANS ID][20221024_124350_480387292]
12:43:50 [INFO] [MSG TYPE][0810]
12:43:50 [INFO] [BITMAP  ][1, 7, 11, 39, 70]
12:43:50 [INFO] [007][010][1024124350]
12:43:50 [INFO] [011][006][987716]
12:43:50 [INFO] [039][002][00]
12:43:50 [INFO] [070][003][301]
12:43:50 [INFO] 
12:43:59 [INFO] Connection status changed to SVFE Disconnected
12:48:00 [INFO] Processing transaction with internal ID [20221024_124800_187923475]
12:48:00 [INFO] 
12:48:00 [INFO] [TRANS ID][20221024_124800_187923475]
12:48:00 [INFO] [MSG TYPE][0800]
12:48:00 [INFO] [BITMAP  ][1, 7, 11, 70]
12:48:00 [INFO] [007][010][1024124800]
12:48:00 [INFO] [011][006][835292]
12:48:00 [INFO] [070][003][301]
12:48:00 [INFO] 
12:48:00 [WARNING] Connection is not Established, trying to connect
12:48:00 [INFO] Message was sent
12:48:00 [INFO] Connection status changed to SVFE Connected
12:48:00 [INFO] 
12:48:00 [INFO] Transaction ID [20221024_124800_187923475] matched. Response time seconds: 0.178
12:48:00 [INFO] 
12:48:00 [INFO] [TRANS ID][20221024_124800_187923475]
12:48:00 [INFO] [MSG TYPE][0810]
12:48:00 [INFO] [BITMAP  ][1, 7, 11, 39, 70]
12:48:00 [INFO] [007][010][1024124800]
12:48:00 [INFO] [011][006][835292]
12:48:00 [INFO] [039][002][00]
12:48:00 [INFO] [070][003][301]
12:48:00 [INFO] 
12:48:30 [INFO] Processing transaction with internal ID [20221024_124830_185468585]
12:48:30 [INFO] 
12:48:30 [INFO] [TRANS ID][20221024_124830_185468585]
12:48:30 [INFO] [MSG TYPE][0800]
12:48:30 [INFO] [BITMAP  ][1, 7, 11, 70]
12:48:30 [INFO] [007][010][1024124830]
12:48:30 [INFO] [011][006][660861]
12:48:30 [INFO] [070][003][301]
12:48:30 [INFO] 
12:48:30 [WARNING] Connection is not Established, trying to connect
12:48:30 [INFO] Message was sent
12:48:30 [INFO] Connection status changed to SVFE Connected
12:48:30 [INFO] 
12:48:30 [INFO] Transaction ID [20221024_124830_185468585] matched. Response time seconds: 0.073
12:48:30 [INFO] 
12:48:30 [INFO] [TRANS ID][20221024_124830_185468585]
12:48:30 [INFO] [MSG TYPE][0810]
12:48:30 [INFO] [BITMAP  ][1, 7, 11, 39, 70]
12:48:30 [INFO] [007][010][1024124830]
12:48:30 [INFO] [011][006][660861]
12:48:30 [INFO] [039][002][00]
12:48:30 [INFO] [070][003][301]
12:48:30 [INFO] 
12:48:32 [INFO] Connection status changed to SVFE Disconnected
12:49:56 [INFO] [Re]connecting...
12:49:56 [INFO] Connection status changed to SVFE Connected
12:49:59 [INFO] Connection status changed to SVFE Disconnected
12:53:02 [INFO] Processing transaction with internal ID [20221024_125302_082712607]
12:53:02 [INFO] 
12:53:02 [INFO] [TRANS ID][20221024_125302_082712607]
12:53:02 [INFO] [MSG TYPE][0800]
12:53:02 [INFO] [BITMAP  ][1, 7, 11, 70]
12:53:02 [INFO] [007][010][1024125302]
12:53:02 [INFO] [011][006][360760]
12:53:02 [INFO] [070][003][301]
12:53:02 [INFO] 
12:53:02 [WARNING] Connection is not Established, trying to connect
12:53:02 [INFO] Message was sent
12:53:02 [INFO] Connection status changed to SVFE Connected
12:53:02 [INFO] 
12:53:02 [INFO] Transaction ID [20221024_125302_082712607] matched. Response time seconds: 0.092
12:53:02 [INFO] 
12:53:02 [INFO] [TRANS ID][20221024_125302_082712607]
12:53:02 [INFO] [MSG TYPE][0810]
12:53:02 [INFO] [BITMAP  ][1, 7, 11, 39, 70]
12:53:02 [INFO] [007][010][1024125302]
12:53:02 [INFO] [011][006][360760]
12:53:02 [INFO] [039][002][00]
12:53:02 [INFO] [070][003][301]
12:53:02 [INFO] 
12:59:56 [INFO] Processing transaction with internal ID [20221024_125956_130564964]
12:59:56 [INFO] 
12:59:56 [INFO] [TRANS ID][20221024_125956_130564964]
12:59:56 [INFO] [MSG TYPE][0800]
12:59:56 [INFO] [BITMAP  ][1, 7, 11, 70]
12:59:56 [INFO] [007][010][1024125956]
12:59:56 [INFO] [011][006][569452]
12:59:56 [INFO] [070][003][301]
12:59:56 [INFO] 
12:59:56 [WARNING] Connection is not Established, trying to connect
12:59:56 [INFO] Message was sent
12:59:56 [INFO] Connection status changed to SVFE Connected
12:59:56 [INFO] 
12:59:56 [INFO] Transaction ID [20221024_125956_130564964] matched. Response time seconds: 0.083
12:59:56 [INFO] 
12:59:56 [INFO] [TRANS ID][20221024_125956_130564964]
12:59:56 [INFO] [MSG TYPE][0810]
12:59:56 [INFO] [BITMAP  ][1, 7, 11, 39, 70]
12:59:56 [INFO] [007][010][1024125956]
12:59:56 [INFO] [011][006][569452]
12:59:56 [INFO] [039][002][00]
12:59:56 [INFO] [070][003][301]
12:59:56 [INFO] 
12:59:56 [INFO] Processing transaction with internal ID [20221024_125956_705262092]
12:59:56 [INFO] 
12:59:56 [INFO] [TRANS ID][20221024_125956_705262092]
12:59:56 [INFO] [MSG TYPE][0800]
12:59:56 [INFO] [BITMAP  ][1, 7, 11, 70]
12:59:56 [INFO] [007][010][1024125956]
12:59:56 [INFO] [011][006][403864]
12:59:56 [INFO] [070][003][301]
12:59:56 [INFO] 
12:59:56 [INFO] Message was sent
12:59:56 [INFO] 
12:59:56 [INFO] Transaction ID [20221024_125956_705262092] matched. Response time seconds: 0.213
12:59:56 [INFO] 
12:59:56 [INFO] [TRANS ID][20221024_125956_705262092]
12:59:56 [INFO] [MSG TYPE][0810]
12:59:56 [INFO] [BITMAP  ][1, 7, 11, 39, 70]
12:59:56 [INFO] [007][010][1024125956]
12:59:56 [INFO] [011][006][403864]
12:59:56 [INFO] [039][002][00]
12:59:56 [INFO] [070][003][301]
12:59:56 [INFO] 
12:59:57 [INFO] Processing transaction with internal ID [20221024_125957_265692388]
12:59:57 [INFO] 
12:59:57 [INFO] [TRANS ID][20221024_125957_265692388]
12:59:57 [INFO] [MSG TYPE][0800]
12:59:57 [INFO] [BITMAP  ][1, 7, 11, 70]
12:59:57 [INFO] [007][010][1024125957]
12:59:57 [INFO] [011][006][223796]
12:59:57 [INFO] [070][003][301]
12:59:57 [INFO] 
12:59:57 [INFO] Message was sent
12:59:57 [INFO] 
12:59:57 [INFO] Transaction ID [20221024_125957_265692388] matched. Response time seconds: 0.14
12:59:57 [INFO] 
12:59:57 [INFO] [TRANS ID][20221024_125957_265692388]
12:59:57 [INFO] [MSG TYPE][0810]
12:59:57 [INFO] [BITMAP  ][1, 7, 11, 39, 70]
12:59:57 [INFO] [007][010][1024125957]
12:59:57 [INFO] [011][006][223796]
12:59:57 [INFO] [039][002][00]
12:59:57 [INFO] [070][003][301]
12:59:57 [INFO] 
12:59:57 [INFO] Processing transaction with internal ID [20221024_125957_922070101]
12:59:57 [INFO] 
12:59:57 [INFO] [TRANS ID][20221024_125957_922070101]
12:59:57 [INFO] [MSG TYPE][0800]
12:59:57 [INFO] [BITMAP  ][1, 7, 11, 70]
12:59:57 [INFO] [007][010][1024125957]
12:59:57 [INFO] [011][006][742938]
12:59:57 [INFO] [070][003][301]
12:59:57 [INFO] 
12:59:57 [INFO] Message was sent
12:59:57 [INFO] 
12:59:58 [INFO] Transaction ID [20221024_125957_922070101] matched. Response time seconds: 0.075
12:59:58 [INFO] 
12:59:58 [INFO] [TRANS ID][20221024_125957_922070101]
12:59:58 [INFO] [MSG TYPE][0810]
12:59:58 [INFO] [BITMAP  ][1, 7, 11, 39, 70]
12:59:58 [INFO] [007][010][1024125957]
12:59:58 [INFO] [011][006][742938]
12:59:58 [INFO] [039][002][00]
12:59:58 [INFO] [070][003][301]
12:59:58 [INFO] 
12:59:58 [INFO] Processing transaction with internal ID [20221024_125958_313859880]
12:59:58 [INFO] 
12:59:58 [INFO] [TRANS ID][20221024_125958_313859880]
12:59:58 [INFO] [MSG TYPE][0800]
12:59:58 [INFO] [BITMAP  ][1, 7, 11, 70]
12:59:58 [INFO] [007][010][1024125958]
12:59:58 [INFO] [011][006][979604]
12:59:58 [INFO] [070][003][301]
12:59:58 [INFO] 
12:59:58 [INFO] Message was sent
12:59:58 [INFO] 
12:59:58 [INFO] Transaction ID [20221024_125958_313859880] matched. Response time seconds: 0.236
12:59:58 [INFO] 
12:59:58 [INFO] [TRANS ID][20221024_125958_313859880]
12:59:58 [INFO] [MSG TYPE][0810]
12:59:58 [INFO] [BITMAP  ][1, 7, 11, 39, 70]
12:59:58 [INFO] [007][010][1024125958]
12:59:58 [INFO] [011][006][979604]
12:59:58 [INFO] [039][002][00]
12:59:58 [INFO] [070][003][301]
12:59:58 [INFO] 
12:59:58 [INFO] Processing transaction with internal ID [20221024_125958_841241232]
12:59:58 [INFO] 
12:59:58 [INFO] [TRANS ID][20221024_125958_841241232]
12:59:58 [INFO] [MSG TYPE][0800]
12:59:58 [INFO] [BITMAP  ][1, 7, 11, 70]
12:59:58 [INFO] [007][010][1024125958]
12:59:58 [INFO] [011][006][776775]
12:59:58 [INFO] [070][003][301]
12:59:58 [INFO] 
12:59:58 [INFO] Message was sent
12:59:58 [INFO] 
12:59:59 [INFO] Transaction ID [20221024_125958_841241232] matched. Response time seconds: 1.073
12:59:59 [INFO] 
12:59:59 [INFO] [TRANS ID][20221024_125958_841241232]
12:59:59 [INFO] [MSG TYPE][0810]
12:59:59 [INFO] [BITMAP  ][1, 7, 11, 39, 70]
12:59:59 [INFO] [007][010][1024125958]
12:59:59 [INFO] [011][006][776775]
12:59:59 [INFO] [039][002][00]
12:59:59 [INFO] [070][003][301]
12:59:59 [INFO] 
13:00:13 [INFO] Connection status changed to SVFE Disconnected
13:02:41 [INFO] Settings applied
13:02:52 [WARNING] Alphabetic values not allowed in field 3 - Processing code
13:03:02 [WARNING] Special values not allowed in field 3 - Processing code
13:05:21 [WARNING] Incorrect letters in field 3. Seems like problem with encoding
13:10:40 [INFO] Processing transaction with internal ID [20221024_131040_629031149]
13:10:40 [INFO] 
13:10:40 [INFO] [TRANS ID][20221024_131040_629031149]
13:10:40 [INFO] [MSG TYPE][0800]
13:10:40 [INFO] [BITMAP  ][1, 7, 11, 70]
13:10:40 [INFO] [007][010][1024131040]
13:10:40 [INFO] [011][006][843500]
13:10:40 [INFO] [070][003][301]
13:10:40 [INFO] 
13:10:40 [WARNING] Connection is not Established, trying to connect
13:10:40 [INFO] Message was sent
13:10:40 [INFO] Connection status changed to SVFE Connected
13:10:40 [INFO] 
13:10:40 [INFO] Transaction ID [20221024_131040_629031149] matched. Response time seconds: 0.072
13:10:40 [INFO] 
13:10:40 [INFO] [TRANS ID][20221024_131040_629031149]
13:10:40 [INFO] [MSG TYPE][0810]
13:10:40 [INFO] [BITMAP  ][1, 7, 11, 39, 70]
13:10:40 [INFO] [007][010][1024131040]
13:10:40 [INFO] [011][006][843500]
13:10:40 [INFO] [039][002][00]
13:10:40 [INFO] [070][003][301]
13:10:40 [INFO] 
13:13:00 [INFO] Processing transaction with internal ID [20221024_131300_572061001]
13:13:00 [INFO] 
13:13:00 [INFO] [TRANS ID][20221024_131300_572061001]
13:13:00 [INFO] [MSG TYPE][0800]
13:13:00 [INFO] [BITMAP  ][1, 7, 11, 70]
13:13:00 [INFO] [007][010][1024131300]
13:13:00 [INFO] [011][006][292349]
13:13:00 [INFO] [070][003][301]
13:13:00 [INFO] 
13:13:00 [WARNING] Connection is not Established, trying to connect
13:13:00 [INFO] Message was sent
13:13:00 [INFO] 
13:13:00 [INFO] Connection status changed to SVFE Connected
13:13:00 [INFO] Transaction ID [20221024_131300_572061001] matched. Response time seconds: 0.179
13:13:00 [INFO] 
13:13:00 [INFO] [TRANS ID][20221024_131300_572061001]
13:13:00 [INFO] [MSG TYPE][0810]
13:13:00 [INFO] [BITMAP  ][1, 7, 11, 39, 70]
13:13:00 [INFO] [007][010][1024131300]
13:13:00 [INFO] [011][006][292349]
13:13:00 [INFO] [039][002][00]
13:13:00 [INFO] [070][003][301]
13:13:00 [INFO] 
13:13:04 [INFO] Processing transaction with internal ID [20221024_131304_940022720]
13:13:04 [INFO] 
13:13:04 [INFO] [TRANS ID][20221024_131304_940022720]
13:13:04 [INFO] [MSG TYPE][0800]
13:13:04 [INFO] [BITMAP  ][1, 7, 11, 70]
13:13:04 [INFO] [007][010][1024131304]
13:13:04 [INFO] [011][006][572715]
13:13:04 [INFO] [070][003][301]
13:13:04 [INFO] 
13:13:04 [INFO] Message was sent
13:13:04 [INFO] 
13:13:05 [INFO] Transaction ID [20221024_131304_940022720] matched. Response time seconds: 0.162
13:13:05 [INFO] 
13:13:05 [INFO] [TRANS ID][20221024_131304_940022720]
13:13:05 [INFO] [MSG TYPE][0810]
13:13:05 [INFO] [BITMAP  ][1, 7, 11, 39, 70]
13:13:05 [INFO] [007][010][1024131304]
13:13:05 [INFO] [011][006][572715]
13:13:05 [INFO] [039][002][00]
13:13:05 [INFO] [070][003][301]
13:13:05 [INFO] 
13:13:05 [INFO] Processing transaction with internal ID [20221024_131305_660192320]
13:13:05 [INFO] 
13:13:05 [INFO] [TRANS ID][20221024_131305_660192320]
13:13:05 [INFO] [MSG TYPE][0800]
13:13:05 [INFO] [BITMAP  ][1, 7, 11, 70]
13:13:05 [INFO] [007][010][1024131305]
13:13:05 [INFO] [011][006][556623]
13:13:05 [INFO] [070][003][301]
13:13:05 [INFO] 
13:13:05 [INFO] Message was sent
13:13:05 [INFO] 
13:13:05 [INFO] Transaction ID [20221024_131305_660192320] matched. Response time seconds: 0.24
13:13:05 [INFO] 
13:13:05 [INFO] [TRANS ID][20221024_131305_660192320]
13:13:05 [INFO] [MSG TYPE][0810]
13:13:05 [INFO] [BITMAP  ][1, 7, 11, 39, 70]
13:13:05 [INFO] [007][010][1024131305]
13:13:05 [INFO] [011][006][556623]
13:13:05 [INFO] [039][002][00]
13:13:05 [INFO] [070][003][301]
13:13:05 [INFO] 
13:13:06 [INFO] Processing transaction with internal ID [20221024_131306_218568852]
13:13:06 [INFO] 
13:13:06 [INFO] [TRANS ID][20221024_131306_218568852]
13:13:06 [INFO] [MSG TYPE][0800]
13:13:06 [INFO] [BITMAP  ][1, 7, 11, 70]
13:13:06 [INFO] [007][010][1024131306]
13:13:06 [INFO] [011][006][465538]
13:13:06 [INFO] [070][003][301]
13:13:06 [INFO] 
13:13:06 [INFO] Message was sent
13:13:06 [INFO] 
13:13:06 [INFO] 
13:13:06 [INFO] [MSG TYPE][0810]
13:13:06 [INFO] [BITMAP  ][1, 7, 11, 39, 70]
13:13:06 [INFO] [007][010][1011074500]
13:13:06 [INFO] [011][006][528220]
13:13:06 [INFO] [039][002][00]
13:13:06 [INFO] [070][003][301]
13:13:06 [INFO] 
13:13:06 [INFO] Processing transaction with internal ID [20221024_131306_835760838]
13:13:06 [INFO] 
13:13:06 [INFO] [TRANS ID][20221024_131306_835760838]
13:13:06 [INFO] [MSG TYPE][0800]
13:13:06 [INFO] [BITMAP  ][1, 7, 11, 70]
13:13:06 [INFO] [007][010][1024131306]
13:13:06 [INFO] [011][006][672407]
13:13:06 [INFO] [070][003][301]
13:13:06 [INFO] 
13:13:06 [INFO] Message was sent
13:13:06 [INFO] 
13:13:07 [INFO] Transaction ID [20221024_131306_835760838] matched. Response time seconds: 0.176
13:13:07 [INFO] 
13:13:07 [INFO] [TRANS ID][20221024_131306_835760838]
13:13:07 [INFO] [MSG TYPE][0810]
13:13:07 [INFO] [BITMAP  ][1, 7, 11, 39, 70]
13:13:07 [INFO] [007][010][1024131306]
13:13:07 [INFO] [011][006][672407]
13:13:07 [INFO] [039][002][00]
13:13:07 [INFO] [070][003][301]
13:13:07 [INFO] 
13:13:07 [INFO] Processing transaction with internal ID [20221024_131307_476137731]
13:13:07 [INFO] 
13:13:07 [INFO] [TRANS ID][20221024_131307_476137731]
13:13:07 [INFO] [MSG TYPE][0800]
13:13:07 [INFO] [BITMAP  ][1, 7, 11, 70]
13:13:07 [INFO] [007][010][1024131307]
13:13:07 [INFO] [011][006][385224]
13:13:07 [INFO] [070][003][301]
13:13:07 [INFO] 
13:13:07 [INFO] Message was sent
13:13:07 [INFO] 
13:13:07 [INFO] Transaction ID [20221024_131307_476137731] matched. Response time seconds: 0.184
13:13:07 [INFO] 
13:13:07 [INFO] [TRANS ID][20221024_131307_476137731]
13:13:07 [INFO] [MSG TYPE][0810]
13:13:07 [INFO] [BITMAP  ][1, 7, 11, 39, 70]
13:13:07 [INFO] [007][010][1024131307]
13:13:07 [INFO] [011][006][385224]
13:13:07 [INFO] [039][002][00]
13:13:07 [INFO] [070][003][301]
13:13:07 [INFO] 
13:13:08 [INFO] Processing transaction with internal ID [20221024_131308_036170048]
13:13:08 [INFO] 
13:13:08 [INFO] [TRANS ID][20221024_131308_036170048]
13:13:08 [INFO] [MSG TYPE][0800]
13:13:08 [INFO] [BITMAP  ][1, 7, 11, 70]
13:13:08 [INFO] [007][010][1024131308]
13:13:08 [INFO] [011][006][769919]
13:13:08 [INFO] [070][003][301]
13:13:08 [INFO] 
13:13:08 [INFO] Message was sent
13:13:08 [INFO] 
13:13:08 [INFO] Transaction ID [20221024_131308_036170048] matched. Response time seconds: 0.143
13:13:08 [INFO] 
13:13:08 [INFO] [TRANS ID][20221024_131308_036170048]
13:13:08 [INFO] [MSG TYPE][0810]
13:13:08 [INFO] [BITMAP  ][1, 7, 11, 39, 70]
13:13:08 [INFO] [007][010][1024131308]
13:13:08 [INFO] [011][006][769919]
13:13:08 [INFO] [039][002][00]
13:13:08 [INFO] [070][003][301]
13:13:08 [INFO] 
13:13:09 [INFO] Processing transaction with internal ID [20221024_131309_668052221]
13:13:09 [INFO] 
13:13:09 [INFO] [TRANS ID][20221024_131309_668052221]
13:13:09 [INFO] [MSG TYPE][0800]
13:13:09 [INFO] [BITMAP  ][1, 7, 11, 70]
13:13:09 [INFO] [007][010][1024131309]
13:13:09 [INFO] [011][006][074617]
13:13:09 [INFO] [070][003][301]
13:13:09 [INFO] 
13:13:09 [INFO] Message was sent
13:13:09 [INFO] 
13:13:10 [INFO] Transaction ID [20221024_131309_668052221] matched. Response time seconds: 0.624
13:13:10 [INFO] 
13:13:10 [INFO] [TRANS ID][20221024_131309_668052221]
13:13:10 [INFO] [MSG TYPE][0810]
13:13:10 [INFO] [BITMAP  ][1, 7, 11, 39, 70]
13:13:10 [INFO] [007][010][1024131309]
13:13:10 [INFO] [011][006][074617]
13:13:10 [INFO] [039][002][00]
13:13:10 [INFO] [070][003][301]
13:13:10 [INFO] 
13:13:11 [INFO] Processing transaction with internal ID [20221024_131311_852101748]
13:13:11 [INFO] 
13:13:11 [INFO] [TRANS ID][20221024_131311_852101748]
13:13:11 [INFO] [MSG TYPE][0800]
13:13:11 [INFO] [BITMAP  ][1, 7, 11, 70]
13:13:11 [INFO] [007][010][1024131311]
13:13:11 [INFO] [011][006][021960]
13:13:11 [INFO] [070][003][301]
13:13:11 [INFO] 
13:13:11 [INFO] Message was sent
13:13:11 [INFO] 
13:13:12 [INFO] Transaction ID [20221024_131311_852101748] matched. Response time seconds: 0.194
13:13:12 [INFO] 
13:13:12 [INFO] [TRANS ID][20221024_131311_852101748]
13:13:12 [INFO] [MSG TYPE][0810]
13:13:12 [INFO] [BITMAP  ][1, 7, 11, 39, 70]
13:13:12 [INFO] [007][010][1024131311]
13:13:12 [INFO] [011][006][021960]
13:13:12 [INFO] [039][002][00]
13:13:12 [INFO] [070][003][301]
13:13:12 [INFO] 
13:13:26 [INFO] Connection status changed to SVFE Disconnected
13:18:57 [WARNING] Alphabetic values not allowed in field 4 - Transaction amount
13:19:01 [WARNING] Incorrect letters in field 4. Seems like problem with encoding
